0 info it worked if it ends with ok
1 verbose cli [
1 verbose cli   'C:\\Program Files\\nodejs\\node.exe',
1 verbose cli   'C:\\Program Files\\nodejs\\node_modules\\npm\\bin\\npm-cli.js',
1 verbose cli   'start'
1 verbose cli ]
2 info using npm@6.12.0
3 info using node@v12.13.0
4 verbose run-script [ 'prestart', 'start', 'poststart' ]
5 info lifecycle musikit@0.1.0~prestart: musikit@0.1.0
6 info lifecycle musikit@0.1.0~start: musikit@0.1.0
7 verbose lifecycle musikit@0.1.0~start: unsafe-perm in lifecycle true
8 verbose lifecycle musikit@0.1.0~start: PATH: C:\Program Files\nodejs\node_modules\npm\node_modules\npm-lifecycle\node-gyp-bin;C:\Users\María Luján\Documents\Luji carpetas\Practica Prog\Courseit\musikit\node_modules\.bin;C:\Users\María Luján\bin;C:\Program Files\Git\mingw64\bin;C:\Program Files\Git\usr\local\bin;C:\Program Files\Git\usr\bin;C:\Program Files\Git\usr\bin;C:\Program Files\Git\mingw64\bin;C:\Program Files\Git\usr\bin;C:\Users\María Luján\bin;C:\Program Files (x86)\Common Files\Oracle\Java\javapath;C:\ProgramData\Oracle\Java\javapath;C:\Windows\system32;C:\Windows;C:\Windows\System32\Wbem;C:\Windows\System32\WindowsPowerShell\v1.0;C:\Program Files (x86)\NVIDIA Corporation\PhysX\Common;C:\Program Files\Common Files\Autodesk Shared;C:\Program Files (x86)\Autodesk\Backburner;C:\Program Files (x86)\GtkSharp\2.12\bin;C:\Program Files\Git\cmd;C:\Program Files (x86)\Yarn\bin;C:\Program Files\nodejs;C:\Program Files\NVIDIA Corporation\NVIDIA NvDLISR;C:\Users\María Luján\AppData\Local\Programs\Microsoft VS Code\bin;C:\Users\María Luján\AppData\Local\Yarn\bin;C:\Users\María Luján\AppData\Roaming\npm;C:\Program Files\Git\usr\bin\vendor_perl;C:\Program Files\Git\usr\bin\core_perl
9 verbose lifecycle musikit@0.1.0~start: CWD: C:\Users\María Luján\Documents\Luji carpetas\Practica Prog\Courseit\musikit
10 silly lifecycle musikit@0.1.0~start: Args: [ '/d /s /c', 'react-scripts start' ]
11 silly lifecycle musikit@0.1.0~start: Returned: code: 130  signal: null
12 info lifecycle musikit@0.1.0~start: Failed to exec start script
13 verbose stack Error: musikit@0.1.0 start: `react-scripts start`
13 verbose stack Exit status 130
13 verbose stack     at EventEmitter.<anonymous> (C:\Program Files\nodejs\node_modules\npm\node_modules\npm-lifecycle\index.js:332:16)
13 verbose stack     at EventEmitter.emit (events.js:210:5)
13 verbose stack     at ChildProcess.<anonymous> (C:\Program Files\nodejs\node_modules\npm\node_modules\npm-lifecycle\lib\spawn.js:55:14)
13 verbose stack     at ChildProcess.emit (events.js:210:5)
13 verbose stack     at maybeClose (internal/child_process.js:1021:16)
13 verbose stack     at Process.ChildProcess._handle.onexit (internal/child_process.js:283:5)
14 verbose pkgid musikit@0.1.0
15 verbose cwd C:\Users\María Luján\Documents\Luji carpetas\Practica Prog\Courseit\musikit
16 verbose Windows_NT 6.1.7601
17 verbose argv "C:\\Program Files\\nodejs\\node.exe" "C:\\Program Files\\nodejs\\node_modules\\npm\\bin\\npm-cli.js" "start"
18 verbose node v12.13.0
19 verbose npm  v6.12.0
20 error code ELIFECYCLE
21 error errno 130
22 error musikit@0.1.0 start: `react-scripts start`
22 error Exit status 130
23 error Failed at the musikit@0.1.0 start script.
23 error This is probably not a problem with npm. There is likely additional logging output above.
24 verbose exit [ 130, true ]
